<?xml version="1.0" encoding="UTF-8"?>
<!-- Generated by org.testng.reporters.JUnitReportReporter -->
<testsuite hostname="LAPTOP-I8603V2Q" failures="0" tests="1" name="BaseClassToDoMVC" time="0.016" errors="0" timestamp="2022-08-20T12:33:22 SGT" skipped="0">
  <testcase classname="BaseClassToDoMVC" name="test" time="0.016"/>
  <system-out/>
</testsuite> <!-- BaseClassToDoMVC -->
