<?xml version="1.0" encoding="UTF-8"?>
<!-- Generated by org.testng.reporters.JUnitReportReporter -->
<testsuite hostname="LAPTOP-I8603V2Q" failures="0" tests="1" name="Tests.BaseClassToDoMVC" time="0.010" errors="0" timestamp="2022-08-20T13:00:11 SGT" skipped="0">
  <testcase classname="Tests.BaseClassToDoMVC" name="test" time="0.010"/>
  <system-out/>
</testsuite> <!-- Tests.BaseClassToDoMVC -->
